<?xml version="1.0" encoding="UTF-8"?>
<testng-results skipped="0" failed="0" ignored="0" total="1" passed="1">
  <reporter-output>
  </reporter-output>
  <suite name="Default Suite" duration-ms="34" started-at="2022-07-21T13:10:09Z" finished-at="2022-07-21T13:10:09Z">
    <groups>
    </groups>
    <test name="testEarl" duration-ms="34" started-at="2022-07-21T13:10:09Z" finished-at="2022-07-21T13:10:09Z">
      <class name="org.example.TestDemo">
        <test-method status="PASS" signature="before()[pri:0, instance:org.example.TestDemo@23223dd8]" name="before" is-config="true" duration-ms="14" started-at="2022-07-21T13:10:09Z" finished-at="2022-07-21T13:10:09Z">
          <reporter-output>
          </reporter-output>
        </test-method> <!-- before -->
        <test-method status="PASS" signature="test1()[pri:0, instance:org.example.TestDemo@23223dd8]" name="test1" duration-ms="1" started-at="2022-07-21T13:10:09Z" finished-at="2022-07-21T13:10:09Z">
          <reporter-output>
          </reporter-output>
        </test-method> <!-- test1 -->
        <test-method status="PASS" signature="after()[pri:0, instance:org.example.TestDemo@23223dd8]" name="after" is-config="true" duration-ms="0" started-at="2022-07-21T13:10:09Z" finished-at="2022-07-21T13:10:09Z">
          <reporter-output>
          </reporter-output>
        </test-method> <!-- after -->
      </class> <!-- org.example.TestDemo -->
    </test> <!-- testEarl -->
  </suite> <!-- Default Suite -->
</testng-results>
